\BOOKMARK [1][-]{section.1}{\376\377\000A\000b\000s\000t\000r\000a\000c\000t}{}% 1
\BOOKMARK [1][-]{section.2}{\376\377\000S\000t\000a\000c\000k}{}% 2
\BOOKMARK [2][-]{subsection.2.1}{\376\377\000J\000a\000v\000a}{section.2}% 3
\BOOKMARK [2][-]{subsection.2.2}{\376\377\000C\000a\000p\000'\000n\000\040\000P\000r\000o\000t\000o}{section.2}% 4
\BOOKMARK [1][-]{section.3}{\376\377\000D\000a\000t\000a\000\040\000C\000o\000r\000e}{}% 5
\BOOKMARK [2][-]{subsection.3.1}{\376\377\000O\000v\000e\000r\000v\000i\000e\000w}{section.3}% 6
\BOOKMARK [2][-]{subsection.3.2}{\376\377\000P\000a\000c\000k\000e\000t\000s}{section.3}% 7
\BOOKMARK [2][-]{subsection.3.3}{\376\377\000C\000o\000n\000t\000r\000o\000l\000l\000e\000r\000\040\000C\000o\000n\000n\000e\000c\000t\000i\000o\000n}{section.3}% 8
\BOOKMARK [3][-]{subsubsection.3.3.1}{\376\377\000M\000a\000n\000a\000g\000e\000m\000e\000n\000t}{subsection.3.3}% 9
\BOOKMARK [3][-]{subsubsection.3.3.2}{\376\377\000R\000e\000q\000u\000e\000s\000t\000\040\000F\000o\000r\000m\000a\000t\000t\000i\000n\000g}{subsection.3.3}% 10
\BOOKMARK [3][-]{subsubsection.3.3.3}{\376\377\000R\000e\000s\000p\000o\000n\000s\000e\000\040\000F\000o\000r\000m\000a\000t\000t\000i\000n\000g}{subsection.3.3}% 11
\BOOKMARK [2][-]{subsection.3.4}{\376\377\000P\000r\000o\000c\000e\000s\000s\000e\000s}{section.3}% 12
\BOOKMARK [3][-]{subsubsection.3.4.1}{\376\377\000R\000o\000u\000t\000e\000r\000\040\000S\000u\000p\000e\000r\000c\000l\000a\000s\000s}{subsection.3.4}% 13
\BOOKMARK [3][-]{subsubsection.3.4.2}{\376\377\000C\000o\000r\000e}{subsection.3.4}% 14
\BOOKMARK [3][-]{subsubsection.3.4.3}{\376\377\000S\000t\000r\000e\000a\000m\000\040\000M\000a\000n\000a\000g\000e\000r}{subsection.3.4}% 15
\BOOKMARK [3][-]{subsubsection.3.4.4}{\376\377\000E\000x\000t\000e\000r\000n\000a\000l\000\040\000S\000t\000r\000e\000a\000m\000\040\000H\000a\000n\000d\000l\000e\000r}{subsection.3.4}% 16
\BOOKMARK [3][-]{subsubsection.3.4.5}{\376\377\000H\000i\000s\000t\000o\000r\000i\000c\000a\000l\000\040\000S\000t\000r\000e\000a\000m\000\040\000H\000a\000n\000d\000l\000e\000r}{subsection.3.4}% 17
\BOOKMARK [2][-]{subsection.3.5}{\376\377\000I\000n\000t\000e\000r\000n\000a\000l\000\040\000L\000a\000n\000g\000u\000a\000g\000e}{section.3}% 18
\BOOKMARK [3][-]{subsubsection.3.5.1}{\376\377\000M\000a\000n\000a\000g\000e\000m\000e\000n\000t\000\040\000P\000r\000o\000c\000e\000s\000s\000e\000s}{subsection.3.5}% 19
\BOOKMARK [3][-]{subsubsection.3.5.2}{\376\377\000E\000x\000t\000e\000r\000n\000a\000l\000\040\000S\000t\000r\000e\000a\000m\000\040\000R\000e\000q\000u\000e\000s\000t\000s}{subsection.3.5}% 20
\BOOKMARK [3][-]{subsubsection.3.5.3}{\376\377\000H\000i\000s\000t\000o\000r\000i\000c\000a\000l\000\040\000S\000t\000r\000e\000a\000m\000\040\000R\000e\000q\000u\000e\000s\000t\000s}{subsection.3.5}% 21
